#INFO: Starting ...
#INFO: Command line: /home/artem/Programming/bioinformatics/molDiscovery-2.6.0-beta-Linux/bin/dereplicate /home/artem/Programming/bioinformatics/NPD-QUAST/files/casmi_quast/temp/tool/cur_result/work/spectra-00000.mgf /home/artem/Programming/bioinformatics/NPD-QUAST/files/casmi_quast/temp/tool/deployed_database /home/artem/Programming/bioinformatics/NPD-QUAST/files/casmi_quast/temp/tool/deployed_database/library.info --configs_dir /home/artem/Programming/bioinformatics/NPD-QUAST/files/casmi_quast/temp/tool/cur_result/work/configs --product_ion_thresh 0.01 --pm_thresh 0.01 --max_charge 2 --min_score 0.75 --fragmentation_tree --no_pvalue --min_num_comp 0 --fragment /home/artem/Programming/bioinformatics/NPD-QUAST/files/casmi_quast/temp/tool/cur_result/work/configs/configs/common/fragment_list_general_6_1_6.txt --num_hits_to_report 100 
#INFO: Current working dir: /home/artem/Programming/bioinformatics/NPD-QUAST/converter_from_NPDTools
#INFO: Using fragment list: /home/artem/Programming/bioinformatics/NPD-QUAST/files/casmi_quast/temp/tool/cur_result/work/configs/configs/common/fragment_list_general_6_1_6.txt
#INFO: parse spectrum file
#INFO: parsing done
#INFO: peak merging
#INFO: peak filtering
#INFO: normalizing spectrum file
#INFO: load done, elapsed: 7.6e-05
#INFO: 1 spectra loaded with charges from 1 to 1.
#INFO: filtering database by min number of components per compound
#INFO: filtering finished, number of compound reduced from 525 to 525
#INFO: detecting candidate compound spectrum matches .#INFO: elapsed: 2e-05
#INFO: will construct theoric spectrum for 525 compounds 
#INFO: Computing scores for 525 compound spectrum matches ........................................................................................#INFO: elapsed: 94.8171
DB 82863 1 488.036 0 1 489.043 -1 1.9212e-05 M+H 1 0 -0.039218 0 4 1
DB 20737961 512 488.036 0 1 489.043 -1 0.000213416 M+H 1 0 -0.436825 0 3 1
DB 31769928 426 488.036 0 1 489.043 -1 -0.000689908 M+H 1 0 1.41492 0 3 1
DB 28187172 239 488.038 0 1 489.043 -1 0.0017547 M+H 1 0 -3.59428 0 3 1
DB 29106279 242 488.038 0 1 489.043 -1 0.0017547 M+H 1 0 -3.59428 0 3 1
DB 22470060 210 488.038 0 1 489.043 -1 0.0017547 M+H 1 0 -3.59428 0 3 1
DB 21903913 205 488.038 0 1 489.043 -1 0.0017547 M+H 1 0 -3.59428 0 3 1
DB 29106321 243 488.038 0 1 489.043 -1 0.0017547 M+H 1 0 -3.59428 0 3 1
DB 3052040 90 488.036 0 1 489.043 -1 0.000213416 M+H 1 0 -0.436825 0 2 1
DB 4759860 144 488.036 0 1 489.043 -1 0.000213416 M+H 1 0 -0.436825 0 2 1
DB 3112089 91 488.036 0 1 489.043 -1 0.000213416 M+H 1 0 -0.436825 0 2 1
DB 12274914 184 488.036 0 1 489.043 -1 0.000213416 M+H 1 0 -0.436825 0 2 1
DB 4754399 143 488.036 0 1 489.043 -1 0.000213416 M+H 1 0 -0.436825 0 2 1
DB 12274926 185 488.036 0 1 489.043 -1 0.000213416 M+H 1 0 -0.436825 0 2 1
DB 3220111 97 488.038 0 1 489.043 -1 0.0017547 M+H 1 0 -3.59428 0 2 1
DB 1814242 48 488.038 0 1 489.043 -1 0.0017547 M+H 1 0 -3.59428 0 2 1
DB 21603286 201 488.036 0 1 489.043 -1 0.000213416 M+H 1 0 -0.436825 0 1 1
DB 22424024 209 488.036 0 1 489.043 -1 0.000213416 M+H 1 0 -0.436825 0 1 1
DB 3892188 115 488.036 0 1 489.043 -1 0.000213416 M+H 1 0 -0.436825 0 1 1
DB 1712221 39 488.036 0 1 489.043 -1 0.000213416 M+H 1 0 -0.436825 0 1 1
DB 1799657 262 488.036 0 1 489.043 -1 0.000213416 M+H 1 0 -0.436825 0 1 1
DB 1907907 54 488.036 0 1 489.043 -1 0.000213416 M+H 1 0 -0.436825 0 1 1
DB 11919740 308 488.036 0 1 489.043 -1 0.000213416 M+H 1 0 -0.436825 0 1 1
DB 1907904 53 488.036 0 1 489.043 -1 0.000213416 M+H 1 0 -0.436825 0 1 1
DB 21603287 202 488.036 0 1 489.043 -1 0.000213416 M+H 1 0 -0.436825 0 1 1
DB 21603321 203 488.036 0 1 489.043 -1 0.000213416 M+H 1 0 -0.436825 0 1 1
DB 24700605 388 488.037 0 1 489.043 -1 0.00115239 M+H 1 0 -2.36147 0 1 1
DB 24538065 384 488.036 0 1 489.043 -1 0.000213416 M+H 1 0 -0.436825 0 1 1
DB 1712222 40 488.036 0 1 489.043 -1 0.000213416 M+H 1 0 -0.436825 0 1 1
DB 3503925 106 488.036 0 1 489.043 -1 0.000213416 M+H 1 0 -0.436825 0 1 1
DB 24700400 387 488.037 0 1 489.043 -1 0.00115239 M+H 1 0 -2.36147 0 1 1
DB 2709961 80 488.036 0 1 489.043 -1 0.000213416 M+H 1 0 -0.436825 0 1 1
DB 4500854 132 488.036 0 1 489.043 -1 0.000213416 M+H 1 0 -0.436825 0 1 1
DB 1712220 38 488.036 0 1 489.043 -1 0.000213416 M+H 1 0 -0.436825 0 1 1
DB 3892177 114 488.036 0 1 489.043 -1 0.000213416 M+H 1 0 -0.436825 0 1 1
DB 4734542 141 488.036 0 1 489.043 -1 0.000213416 M+H 1 0 -0.436825 0 1 1
DB 2887444 83 488.036 0 1 489.043 -1 0.000213416 M+H 1 0 -0.436825 0 1 1
DB 31426786 422 488.036 0 1 489.043 -1 0.000213416 M+H 1 0 -0.436825 0 1 1
DB 3125896 93 488.036 0 1 489.043 -1 0.000213416 M+H 1 0 -0.436825 0 1 1
DB 21603322 326 488.036 0 1 489.043 -1 0.000213416 M+H 1 0 -0.436825 0 1 1
DB 2146378 59 488.036 0 1 489.043 -1 0.000213416 M+H 1 0 -0.436825 0 1 1
DB 1712219 37 488.036 0 1 489.043 -1 0.000213416 M+H 1 0 -0.436825 0 1 1
DB 11919273 306 488.036 0 1 489.043 -1 0.000213416 M+H 1 0 -0.436825 0 1 1
DB 11919262 305 488.036 0 1 489.043 -1 0.000213416 M+H 1 0 -0.436825 0 1 1
DB 4061368 121 488.036 0 1 489.043 -1 0.000213416 M+H 1 0 -0.436825 0 1 1
DB 11919721 307 488.036 0 1 489.043 -1 0.000213416 M+H 1 0 -0.436825 0 1 1
DB 34761946 449 488.036 0 1 489.043 -1 0.000213416 M+H 1 0 -0.436825 0 1 1
DB 23988704 521 488.036 0 1 489.043 -1 0.000213416 M+H 1 0 -0.436825 0 1 1
DB 10010346 174 488.036 0 1 489.043 -1 0.000213416 M+H 1 0 -0.436825 0 1 1
DB 22093514 342 488.038 0 1 489.043 -1 0.0017547 M+H 1 0 -3.59428 0 1 1
DB 21992234 332 488.038 0 1 489.043 -1 0.0017547 M+H 1 0 -3.59428 0 1 1
DB 22896353 351 488.038 0 1 489.043 -1 0.0017547 M+H 1 0 -3.59428 0 1 1
DB 24494285 377 488.038 0 1 489.043 -1 0.0017547 M+H 1 0 -3.59428 0 1 1
DB 22896332 350 488.038 0 1 489.043 -1 0.0017547 M+H 1 0 -3.59428 0 1 1
DB 21977776 330 488.038 0 1 489.043 -1 0.00135629 M+H 1 0 -2.77856 0 1 1
DB 25983508 397 488.038 0 1 489.043 -1 0.0017547 M+H 1 0 -3.59428 0 1 1
DB 27433944 405 488.038 0 1 489.043 -1 0.00135629 M+H 1 0 -2.77856 0 1 1
DB 31139269 418 488.038 0 1 489.043 -1 0.0017547 M+H 1 0 -3.59428 0 1 1
DB 27293617 404 488.038 0 1 489.043 -1 0.0017547 M+H 1 0 -3.59428 0 1 1
DB 25983507 396 488.038 0 1 489.043 -1 0.0017547 M+H 1 0 -3.59428 0 1 1
DB 21642752 204 488.038 0 1 489.043 -1 0.0017547 M+H 1 0 -3.59428 0 1 1
DB 35367229 479 488.038 0 1 489.043 -1 0.0017547 M+H 1 0 -3.59428 0 1 1
DB 22955868 221 488.038 0 1 489.043 -1 0.0017547 M+H 1 0 -3.59428 0 1 1
DB 35367253 480 488.038 0 1 489.043 -1 0.0017547 M+H 1 0 -3.59428 0 1 1
DB 22956622 227 488.038 0 1 489.043 -1 0.0017547 M+H 1 0 -3.59428 0 1 1
DB 22955892 222 488.038 0 1 489.043 -1 0.0017547 M+H 1 0 -3.59428 0 1 1
DB 22821803 213 488.038 0 1 489.043 -1 0.0017547 M+H 1 0 -3.59428 0 1 1
DB 24758609 235 488.038 0 1 489.043 -1 0.0017547 M+H 1 0 -3.59428 0 1 1
DB 22956651 228 488.038 0 1 489.043 -1 0.0017547 M+H 1 0 -3.59428 0 1 1
DB 25957498 237 488.038 0 1 489.043 -1 0.0017547 M+H 1 0 -3.59428 0 1 1
DB 25957492 236 488.038 0 1 489.043 -1 0.0017547 M+H 1 0 -3.59428 0 1 1
DB 4038866 120 488.038 0 1 489.043 -1 0.00135629 M+H 1 0 -2.77856 0 1 1
DB 4038865 119 488.038 0 1 489.043 -1 0.00135629 M+H 1 0 -2.77856 0 1 1
DB 3187557 95 488.038 0 1 489.043 -1 0.0017547 M+H 1 0 -3.59428 0 1 1
DB 31312372 420 488.038 0 1 489.043 -1 0.0017547 M+H 1 0 -3.59428 0 1 1
DB 11688993 299 488.038 0 1 489.043 -1 0.0017547 M+H 1 0 -3.59428 0 1 1
DB 8475462 290 488.038 0 1 489.043 -1 0.00135629 M+H 1 0 -2.77856 0 1 1
DB 3552958 274 488.038 0 1 489.043 -1 0.0017547 M+H 1 0 -3.59428 0 1 1
DB 29016441 241 488.038 0 1 489.043 -1 0.0017547 M+H 1 0 -3.59428 0 1 1
DB 35367984 485 488.038 0 1 489.043 -1 0.0017547 M+H 1 0 -3.59428 0 1 1
DB 35368013 486 488.038 0 1 489.043 -1 0.0017547 M+H 1 0 -3.59428 0 1 1
DB 39192345 489 488.038 0 1 489.043 -1 0.0017547 M+H 1 0 -3.59428 0 1 1
DB 11834697 304 488.038 0 1 489.043 -1 0.00135629 M+H 1 0 -2.77856 0 1 1
DB 11762925 301 488.038 0 1 489.043 -1 0.0017547 M+H 1 0 -3.59428 0 1 1
DB 20894837 321 488.038 0 1 489.043 -1 0.0017547 M+H 1 0 -3.59428 0 1 1
DB 11924293 309 488.038 0 1 489.043 -1 0.0017547 M+H 1 0 -3.59428 0 1 1
DB 8292720 159 488.038 0 1 489.043 -1 0.00135629 M+H 1 0 -2.77856 0 1 1
DB 1757806 46 488.038 0 1 489.043 -1 0.00135629 M+H 1 0 -2.77856 0 1 1
DB 1755374 45 488.038 0 1 489.043 -1 0.00135629 M+H 1 0 -2.77856 0 1 1
#INFO: DONE
