#INFO: Starting ...
#INFO: Command line: /home/artem/Programming/bioinformatics/molDiscovery-2.6.0-beta-Linux/bin/dereplicate /home/artem/Programming/bioinformatics/NPD-QUAST/sample/executed/temp/tool/cur_result/work/spectra-00000.mgf /home/artem/Programming/bioinformatics/NPD-QUAST/sample/executed/temp/tool/deployed_database /home/artem/Programming/bioinformatics/NPD-QUAST/sample/executed/temp/tool/deployed_database/library.info --configs_dir /home/artem/Programming/bioinformatics/NPD-QUAST/sample/executed/temp/tool/cur_result/work/configs --product_ion_thresh 0.01 --pm_thresh 0.01 --max_charge 2 --min_score 0.75 --fragmentation_tree --no_pvalue --min_num_comp 0 --fragment /home/artem/Programming/bioinformatics/NPD-QUAST/sample/executed/temp/tool/cur_result/work/configs/configs/common/fragment_list_general_6_1_6.txt --num_hits_to_report 10 
#INFO: Current working dir: /home/artem/Programming/bioinformatics/NPD-QUAST
#INFO: Using fragment list: /home/artem/Programming/bioinformatics/NPD-QUAST/sample/executed/temp/tool/cur_result/work/configs/configs/common/fragment_list_general_6_1_6.txt
#INFO: parse spectrum file
#INFO: parsing done
#INFO: peak merging
#INFO: peak filtering
#INFO: normalizing spectrum file
#INFO: load done, elapsed: 8.6e-05
#INFO: 1 spectra loaded with charges from 1 to 1.
#INFO: filtering database by min number of components per compound
#INFO: filtering finished, number of compound reduced from 64 to 64
#INFO: detecting candidate compound spectrum matches .#INFO: elapsed: 5e-06
#INFO: will construct theoric spectrum for 64 compounds 
#INFO: Computing scores for 64 compound spectrum matches ................................................................#INFO: elapsed: 0.879675
DB 10593687 37 166.097 0 1 167.104 -1 -2.568e-05 M+H 1 0 0.154415 0 7 1
DB 43550 2 166.097 0 1 167.104 -1 -2.568e-05 M+H 1 0 0.154415 0 6 1
DB 4532969 18 166.097 0 1 167.104 -1 -2.568e-05 M+H 1 0 0.154415 0 4 1
DB 41946734 62 166.097 0 1 167.104 -1 -2.568e-05 M+H 1 0 0.154415 0 4 1
DB 37552771 56 166.097 0 1 167.104 -1 -2.568e-05 M+H 1 0 0.154415 0 3 1
DB 23210302 43 166.097 0 1 167.104 -1 -2.568e-05 M+H 1 0 0.154415 0 3 1
DB 235471 5 166.097 0 1 167.104 -1 -2.568e-05 M+H 1 0 0.154415 0 3 1
DB 37664172 58 166.097 0 1 167.104 -1 -2.568e-05 M+H 1 0 0.154415 0 3 1
DB 37662917 57 166.097 0 1 167.104 -1 -2.568e-05 M+H 1 0 0.154415 0 3 1
DB 35909103 52 166.097 0 1 167.104 -1 -2.568e-05 M+H 1 0 0.154415 0 3 1
#INFO: DONE
